
**** Clean-only build of configuration Debug for project UC_FAZ_INVERTER_V1 ****

"C:\\ti\\ccs930\\ccs\\utils\\bin\\gmake" -k -j 8 clean -O 
 
DEL /F  "UC_FAZ_INVERTER_V1.hex"  "UC_FAZ_INVERTER_V1.out" 
DEL /F "main.obj" "tm4c123gh6pm_startup_ccs.obj" "Uc_Faz_Inverter\Predictive_Control\Global_variable.obj" "Uc_Faz_Inverter\Predictive_Control\akim_kontrol.obj" "Uc_Faz_Inverter\Predictive_Control\kontrol_algoritma.obj" "Uc_Faz_Inverter\Predictive_Control\sin_egrisi.obj" "Uc_Faz_Inverter\inverter_main.obj" 
DEL /F "main.d" "tm4c123gh6pm_startup_ccs.d" "Uc_Faz_Inverter\Predictive_Control\Global_variable.d" "Uc_Faz_Inverter\Predictive_Control\akim_kontrol.d" "Uc_Faz_Inverter\Predictive_Control\kontrol_algoritma.d" "Uc_Faz_Inverter\Predictive_Control\sin_egrisi.d" "Uc_Faz_Inverter\inverter_main.d" 
Finished clean
 

**** Build Finished ****

**** Build of configuration Debug for project UC_FAZ_INVERTER_V1 ****

"C:\\ti\\ccs930\\ccs\\utils\\bin\\gmake" -k -j 8 all -O 
 
Building file: "../Uc_Faz_Inverter/Predictive_Control/Global_variable.c"
Invoking: ARM Compiler
"C:/ti/ccs930/ccs/tools/compiler/ti-cgt-arm_18.12.4.LTS/bin/armcl" -mv7M4 --code_state=16 --float_support=FPv4SPD16 -me --include_path="C:/ti/TivaWare_C_Series-2.1.4.178" --include_path="C:/Users/ASUS/Desktop/TEZ_KODLAMA/UC_FAZ_INVERTER_V1/UC_FAZ_INVERTER_V1/Uc_Faz_Inverter/Predictive_Control" --include_path="C:/Users/ASUS/Desktop/TEZ_KODLAMA/UC_FAZ_INVERTER_V1/UC_FAZ_INVERTER_V1" --include_path="C:/Users/ASUS/Desktop/TEZ_KODLAMA/UC_FAZ_INVERTER_V1/UC_FAZ_INVERTER_V1/Uc_Faz_Inverter" --include_path="C:/ti/ccs930/ccs/tools/compiler/ti-cgt-arm_18.12.4.LTS/include" --define=PART_TM4C123GH6PM -g --gcc --diag_warning=225 --diag_wrap=off --display_error_number --abi=eabi --preproc_with_compile --preproc_dependency="Uc_Faz_Inverter/Predictive_Control/Global_variable.d_raw" --obj_directory="Uc_Faz_Inverter/Predictive_Control"  "../Uc_Faz_Inverter/Predictive_Control/Global_variable.c"
Finished building: "../Uc_Faz_Inverter/Predictive_Control/Global_variable.c"
 
Building file: "../main.c"
Invoking: ARM Compiler
"C:/ti/ccs930/ccs/tools/compiler/ti-cgt-arm_18.12.4.LTS/bin/armcl" -mv7M4 --code_state=16 --float_support=FPv4SPD16 -me --include_path="C:/ti/TivaWare_C_Series-2.1.4.178" --include_path="C:/Users/ASUS/Desktop/TEZ_KODLAMA/UC_FAZ_INVERTER_V1/UC_FAZ_INVERTER_V1/Uc_Faz_Inverter/Predictive_Control" --include_path="C:/Users/ASUS/Desktop/TEZ_KODLAMA/UC_FAZ_INVERTER_V1/UC_FAZ_INVERTER_V1" --include_path="C:/Users/ASUS/Desktop/TEZ_KODLAMA/UC_FAZ_INVERTER_V1/UC_FAZ_INVERTER_V1/Uc_Faz_Inverter" --include_path="C:/ti/ccs930/ccs/tools/compiler/ti-cgt-arm_18.12.4.LTS/include" --define=PART_TM4C123GH6PM -g --gcc --diag_warning=225 --diag_wrap=off --display_error_number --abi=eabi --preproc_with_compile --preproc_dependency="main.d_raw"  "../main.c"
Finished building: "../main.c"
 
Building file: "../tm4c123gh6pm_startup_ccs.c"
Invoking: ARM Compiler
"C:/ti/ccs930/ccs/tools/compiler/ti-cgt-arm_18.12.4.LTS/bin/armcl" -mv7M4 --code_state=16 --float_support=FPv4SPD16 -me --include_path="C:/ti/TivaWare_C_Series-2.1.4.178" --include_path="C:/Users/ASUS/Desktop/TEZ_KODLAMA/UC_FAZ_INVERTER_V1/UC_FAZ_INVERTER_V1/Uc_Faz_Inverter/Predictive_Control" --include_path="C:/Users/ASUS/Desktop/TEZ_KODLAMA/UC_FAZ_INVERTER_V1/UC_FAZ_INVERTER_V1" --include_path="C:/Users/ASUS/Desktop/TEZ_KODLAMA/UC_FAZ_INVERTER_V1/UC_FAZ_INVERTER_V1/Uc_Faz_Inverter" --include_path="C:/ti/ccs930/ccs/tools/compiler/ti-cgt-arm_18.12.4.LTS/include" --define=PART_TM4C123GH6PM -g --gcc --diag_warning=225 --diag_wrap=off --display_error_number --abi=eabi --preproc_with_compile --preproc_dependency="tm4c123gh6pm_startup_ccs.d_raw"  "../tm4c123gh6pm_startup_ccs.c"
Finished building: "../tm4c123gh6pm_startup_ccs.c"
 
Building file: "../Uc_Faz_Inverter/inverter_main.c"
Invoking: ARM Compiler
"C:/ti/ccs930/ccs/tools/compiler/ti-cgt-arm_18.12.4.LTS/bin/armcl" -mv7M4 --code_state=16 --float_support=FPv4SPD16 -me --include_path="C:/ti/TivaWare_C_Series-2.1.4.178" --include_path="C:/Users/ASUS/Desktop/TEZ_KODLAMA/UC_FAZ_INVERTER_V1/UC_FAZ_INVERTER_V1/Uc_Faz_Inverter/Predictive_Control" --include_path="C:/Users/ASUS/Desktop/TEZ_KODLAMA/UC_FAZ_INVERTER_V1/UC_FAZ_INVERTER_V1" --include_path="C:/Users/ASUS/Desktop/TEZ_KODLAMA/UC_FAZ_INVERTER_V1/UC_FAZ_INVERTER_V1/Uc_Faz_Inverter" --include_path="C:/ti/ccs930/ccs/tools/compiler/ti-cgt-arm_18.12.4.LTS/include" --define=PART_TM4C123GH6PM -g --gcc --diag_warning=225 --diag_wrap=off --display_error_number --abi=eabi --preproc_with_compile --preproc_dependency="Uc_Faz_Inverter/inverter_main.d_raw" --obj_directory="Uc_Faz_Inverter"  "../Uc_Faz_Inverter/inverter_main.c"
Finished building: "../Uc_Faz_Inverter/inverter_main.c"
 
Building file: "../Uc_Faz_Inverter/Predictive_Control/kontrol_algoritma.c"
Invoking: ARM Compiler
"C:/ti/ccs930/ccs/tools/compiler/ti-cgt-arm_18.12.4.LTS/bin/armcl" -mv7M4 --code_state=16 --float_support=FPv4SPD16 -me --include_path="C:/ti/TivaWare_C_Series-2.1.4.178" --include_path="C:/Users/ASUS/Desktop/TEZ_KODLAMA/UC_FAZ_INVERTER_V1/UC_FAZ_INVERTER_V1/Uc_Faz_Inverter/Predictive_Control" --include_path="C:/Users/ASUS/Desktop/TEZ_KODLAMA/UC_FAZ_INVERTER_V1/UC_FAZ_INVERTER_V1" --include_path="C:/Users/ASUS/Desktop/TEZ_KODLAMA/UC_FAZ_INVERTER_V1/UC_FAZ_INVERTER_V1/Uc_Faz_Inverter" --include_path="C:/ti/ccs930/ccs/tools/compiler/ti-cgt-arm_18.12.4.LTS/include" --define=PART_TM4C123GH6PM -g --gcc --diag_warning=225 --diag_wrap=off --display_error_number --abi=eabi --preproc_with_compile --preproc_dependency="Uc_Faz_Inverter/Predictive_Control/kontrol_algoritma.d_raw" --obj_directory="Uc_Faz_Inverter/Predictive_Control"  "../Uc_Faz_Inverter/Predictive_Control/kontrol_algoritma.c"
Finished building: "../Uc_Faz_Inverter/Predictive_Control/kontrol_algoritma.c"
 
Building file: "../Uc_Faz_Inverter/Predictive_Control/sin_egrisi.c"
Invoking: ARM Compiler
"C:/ti/ccs930/ccs/tools/compiler/ti-cgt-arm_18.12.4.LTS/bin/armcl" -mv7M4 --code_state=16 --float_support=FPv4SPD16 -me --include_path="C:/ti/TivaWare_C_Series-2.1.4.178" --include_path="C:/Users/ASUS/Desktop/TEZ_KODLAMA/UC_FAZ_INVERTER_V1/UC_FAZ_INVERTER_V1/Uc_Faz_Inverter/Predictive_Control" --include_path="C:/Users/ASUS/Desktop/TEZ_KODLAMA/UC_FAZ_INVERTER_V1/UC_FAZ_INVERTER_V1" --include_path="C:/Users/ASUS/Desktop/TEZ_KODLAMA/UC_FAZ_INVERTER_V1/UC_FAZ_INVERTER_V1/Uc_Faz_Inverter" --include_path="C:/ti/ccs930/ccs/tools/compiler/ti-cgt-arm_18.12.4.LTS/include" --define=PART_TM4C123GH6PM -g --gcc --diag_warning=225 --diag_wrap=off --display_error_number --abi=eabi --preproc_with_compile --preproc_dependency="Uc_Faz_Inverter/Predictive_Control/sin_egrisi.d_raw" --obj_directory="Uc_Faz_Inverter/Predictive_Control"  "../Uc_Faz_Inverter/Predictive_Control/sin_egrisi.c"
Finished building: "../Uc_Faz_Inverter/Predictive_Control/sin_egrisi.c"
 
Building file: "../Uc_Faz_Inverter/Predictive_Control/akim_kontrol.c"
Invoking: ARM Compiler
"C:/ti/ccs930/ccs/tools/compiler/ti-cgt-arm_18.12.4.LTS/bin/armcl" -mv7M4 --code_state=16 --float_support=FPv4SPD16 -me --include_path="C:/ti/TivaWare_C_Series-2.1.4.178" --include_path="C:/Users/ASUS/Desktop/TEZ_KODLAMA/UC_FAZ_INVERTER_V1/UC_FAZ_INVERTER_V1/Uc_Faz_Inverter/Predictive_Control" --include_path="C:/Users/ASUS/Desktop/TEZ_KODLAMA/UC_FAZ_INVERTER_V1/UC_FAZ_INVERTER_V1" --include_path="C:/Users/ASUS/Desktop/TEZ_KODLAMA/UC_FAZ_INVERTER_V1/UC_FAZ_INVERTER_V1/Uc_Faz_Inverter" --include_path="C:/ti/ccs930/ccs/tools/compiler/ti-cgt-arm_18.12.4.LTS/include" --define=PART_TM4C123GH6PM -g --gcc --diag_warning=225 --diag_wrap=off --display_error_number --abi=eabi --preproc_with_compile --preproc_dependency="Uc_Faz_Inverter/Predictive_Control/akim_kontrol.d_raw" --obj_directory="Uc_Faz_Inverter/Predictive_Control"  "../Uc_Faz_Inverter/Predictive_Control/akim_kontrol.c"
Finished building: "../Uc_Faz_Inverter/Predictive_Control/akim_kontrol.c"
 
Building target: "UC_FAZ_INVERTER_V1.out"
Invoking: ARM Linker
"C:/ti/ccs930/ccs/tools/compiler/ti-cgt-arm_18.12.4.LTS/bin/armcl" -mv7M4 --code_state=16 --float_support=FPv4SPD16 -me --define=PART_TM4C123GH6PM -g --gcc --diag_warning=225 --diag_wrap=off --display_error_number --abi=eabi -z -m"UC_FAZ_INVERTER_V1.map" --heap_size=0 --stack_size=512 -i"C:/ti/ccs930/ccs/tools/compiler/ti-cgt-arm_18.12.4.LTS/lib" -i"C:/ti/ccs930/ccs/tools/compiler/ti-cgt-arm_18.12.4.LTS/include" --reread_libs --diag_wrap=off --display_error_number --warn_sections --xml_link_info="UC_FAZ_INVERTER_V1_linkInfo.xml" --rom_model -o "UC_FAZ_INVERTER_V1.out" "./main.obj" "./tm4c123gh6pm_startup_ccs.obj" "./Uc_Faz_Inverter/Predictive_Control/Global_variable.obj" "./Uc_Faz_Inverter/Predictive_Control/akim_kontrol.obj" "./Uc_Faz_Inverter/Predictive_Control/kontrol_algoritma.obj" "./Uc_Faz_Inverter/Predictive_Control/sin_egrisi.obj" "./Uc_Faz_Inverter/inverter_main.obj" "../tm4c123gh6pm.cmd"  -l"C:/ti/TivaWare_C_Series-2.1.4.178/driverlib/ccs/Debug/driverlib.lib" -llibc.a 
<Linking>
Finished building target: "UC_FAZ_INVERTER_V1.out"
 

**** Build Finished ****

**** Build of configuration Debug for project UC_FAZ_INVERTER_V1 ****

"C:\\ti\\ccs930\\ccs\\utils\\bin\\gmake" -k -j 8 all -O 
 
gmake[1]: 'UC_FAZ_INVERTER_V1.out' is up to date.

**** Build Finished ****

**** Build of configuration Debug for project UC_FAZ_INVERTER_V1 ****

"C:\\ti\\ccs930\\ccs\\utils\\bin\\gmake" -k -j 8 all -O 
 
Building file: "../Uc_Faz_Inverter/inverter_main.c"
Invoking: ARM Compiler
"C:/ti/ccs930/ccs/tools/compiler/ti-cgt-arm_18.12.4.LTS/bin/armcl" -mv7M4 --code_state=16 --float_support=FPv4SPD16 -me --include_path="C:/ti/TivaWare_C_Series-2.1.4.178" --include_path="C:/Users/ASUS/Desktop/TEZ_KODLAMA/UC_FAZ_INVERTER_V1/UC_FAZ_INVERTER_V1/Uc_Faz_Inverter/Predictive_Control" --include_path="C:/Users/ASUS/Desktop/TEZ_KODLAMA/UC_FAZ_INVERTER_V1/UC_FAZ_INVERTER_V1" --include_path="C:/Users/ASUS/Desktop/TEZ_KODLAMA/UC_FAZ_INVERTER_V1/UC_FAZ_INVERTER_V1/Uc_Faz_Inverter" --include_path="C:/ti/ccs930/ccs/tools/compiler/ti-cgt-arm_18.12.4.LTS/include" --define=PART_TM4C123GH6PM -g --gcc --diag_warning=225 --diag_wrap=off --display_error_number --abi=eabi --preproc_with_compile --preproc_dependency="Uc_Faz_Inverter/inverter_main.d_raw" --obj_directory="Uc_Faz_Inverter"  "../Uc_Faz_Inverter/inverter_main.c"
Finished building: "../Uc_Faz_Inverter/inverter_main.c"
 
Building target: "UC_FAZ_INVERTER_V1.out"
Invoking: ARM Linker
"C:/ti/ccs930/ccs/tools/compiler/ti-cgt-arm_18.12.4.LTS/bin/armcl" -mv7M4 --code_state=16 --float_support=FPv4SPD16 -me --define=PART_TM4C123GH6PM -g --gcc --diag_warning=225 --diag_wrap=off --display_error_number --abi=eabi -z -m"UC_FAZ_INVERTER_V1.map" --heap_size=0 --stack_size=512 -i"C:/ti/ccs930/ccs/tools/compiler/ti-cgt-arm_18.12.4.LTS/lib" -i"C:/ti/ccs930/ccs/tools/compiler/ti-cgt-arm_18.12.4.LTS/include" --reread_libs --diag_wrap=off --display_error_number --warn_sections --xml_link_info="UC_FAZ_INVERTER_V1_linkInfo.xml" --rom_model -o "UC_FAZ_INVERTER_V1.out" "./main.obj" "./tm4c123gh6pm_startup_ccs.obj" "./Uc_Faz_Inverter/Predictive_Control/Global_variable.obj" "./Uc_Faz_Inverter/Predictive_Control/akim_kontrol.obj" "./Uc_Faz_Inverter/Predictive_Control/kontrol_algoritma.obj" "./Uc_Faz_Inverter/Predictive_Control/sin_egrisi.obj" "./Uc_Faz_Inverter/inverter_main.obj" "../tm4c123gh6pm.cmd"  -l"C:/ti/TivaWare_C_Series-2.1.4.178/driverlib/ccs/Debug/driverlib.lib" -llibc.a 
<Linking>
Finished building target: "UC_FAZ_INVERTER_V1.out"
 

**** Build Finished ****

**** Build of configuration Debug for project UC_FAZ_INVERTER_V1 ****

"C:\\ti\\ccs930\\ccs\\utils\\bin\\gmake" -k -j 8 all -O 
 
gmake[1]: 'UC_FAZ_INVERTER_V1.out' is up to date.

**** Build Finished ****

**** Build of configuration Debug for project UC_FAZ_INVERTER_V1 ****

"C:\\ti\\ccs930\\ccs\\utils\\bin\\gmake" -k -j 8 all -O 
 
gmake[1]: 'UC_FAZ_INVERTER_V1.out' is up to date.

**** Build Finished ****

**** Build of configuration Debug for project UC_FAZ_INVERTER_V1 ****

"C:\\ti\\ccs930\\ccs\\utils\\bin\\gmake" -k -j 8 all -O 
 
gmake[1]: 'UC_FAZ_INVERTER_V1.out' is up to date.

**** Build Finished ****
